Build started 11/13/2013 2:58:31 PM.
     1>Project "C:\Users\Sam\Documents\Visual Studio 2012\Projects\Aura\Aura\Aura.vcxproj" on node 2 (Build target(s)).
     1>ClCompile:
         C:\Program Files (x86)\Microsoft Visual Studio 11.0\VC\bin\CL.exe /c /Zi /nologo /W3 /WX- /sdl /O2 /Oi /Oy- /GL /D _MBCS /Gm- /EHsc /MD /GS /Gy /fp:precise /Zc:wchar_t /Zc:forScope /Fo"Release\\" /Fd"Release\vc110.pdb" /Gd /TP /analyze- /errorReport:prompt main.cpp
         main.cpp
       Link:
         C:\Program Files (x86)\Microsoft Visual Studio 11.0\VC\bin\link.exe /ERRORREPORT:PROMPT /OUT:"C:\Users\Sam\Documents\Visual Studio 2012\Projects\Aura\Release\Aura.exe" /NOLOGO kernel32.lib user32.lib gdi32.lib winspool.lib comdlg32.lib advapi32.lib shell32.lib ole32.lib oleaut32.lib uuid.lib odbc32.lib odbccp32.lib /MANIFEST /MANIFESTUAC:"level='asInvoker' uiAccess='false'" /manifest:embed /DEBUG /PDB:"C:\Users\Sam\Documents\Visual Studio 2012\Projects\Aura\Release\Aura.pdb" /OPT:REF /OPT:ICF /LTCG /TLBID:1 /DYNAMICBASE /NXCOMPAT /IMPLIB:"C:\Users\Sam\Documents\Visual Studio 2012\Projects\Aura\Release\Aura.lib" /MACHINE:X86 /SAFESEH Release\bitset.obj
         Release\hashgraph.obj
         Release\hnode.obj
         Release\lnode.obj
         Release\main.obj
         Release\nfilter.obj
         Release\pfilter.obj
         Release\point.obj
         Generating code
         Finished generating code
         Aura.vcxproj -> C:\Users\Sam\Documents\Visual Studio 2012\Projects\Aura\Release\Aura.exe
     1>Done Building Project "C:\Users\Sam\Documents\Visual Studio 2012\Projects\Aura\Aura\Aura.vcxproj" (Build target(s)).

Build succeeded.

Time Elapsed 00:00:05.50
