C:\USERS\SAM\DOCUMENTS\VISUAL STUDIO 2012\PROJECTS\AURA\AURA\RELEASE\POINT.OBJ
C:\USERS\SAM\DOCUMENTS\VISUAL STUDIO 2012\PROJECTS\AURA\AURA\RELEASE\PFILTER.OBJ
C:\USERS\SAM\DOCUMENTS\VISUAL STUDIO 2012\PROJECTS\AURA\AURA\RELEASE\NFILTER.OBJ
C:\USERS\SAM\DOCUMENTS\VISUAL STUDIO 2012\PROJECTS\AURA\AURA\RELEASE\MAIN.OBJ
C:\USERS\SAM\DOCUMENTS\VISUAL STUDIO 2012\PROJECTS\AURA\AURA\RELEASE\LNODE.OBJ
C:\USERS\SAM\DOCUMENTS\VISUAL STUDIO 2012\PROJECTS\AURA\AURA\RELEASE\HNODE.OBJ
C:\USERS\SAM\DOCUMENTS\VISUAL STUDIO 2012\PROJECTS\AURA\AURA\RELEASE\HASHGRAPH.OBJ
C:\USERS\SAM\DOCUMENTS\VISUAL STUDIO 2012\PROJECTS\AURA\AURA\RELEASE\BITSET.OBJ
C:\USERS\SAM\DOCUMENTS\VISUAL STUDIO 2012\PROJECTS\AURA\AURA\RELEASE\VC110.PDB
C:\USERS\SAM\DOCUMENTS\VISUAL STUDIO 2012\PROJECTS\AURA\RELEASE\AURA.EXE
C:\USERS\SAM\DOCUMENTS\VISUAL STUDIO 2012\PROJECTS\AURA\RELEASE\AURA.PDB
C:\Users\Sam\Documents\Visual Studio 2012\Projects\Aura\Aura\Release\bitset.obj
C:\Users\Sam\Documents\Visual Studio 2012\Projects\Aura\Aura\Release\hashgraph.obj
C:\Users\Sam\Documents\Visual Studio 2012\Projects\Aura\Aura\Release\hnode.obj
C:\Users\Sam\Documents\Visual Studio 2012\Projects\Aura\Aura\Release\lnode.obj
C:\Users\Sam\Documents\Visual Studio 2012\Projects\Aura\Aura\Release\main.obj
C:\Users\Sam\Documents\Visual Studio 2012\Projects\Aura\Aura\Release\nfilter.obj
C:\Users\Sam\Documents\Visual Studio 2012\Projects\Aura\Aura\Release\pfilter.obj
C:\Users\Sam\Documents\Visual Studio 2012\Projects\Aura\Aura\Release\point.obj
C:\Users\Sam\Documents\Visual Studio 2012\Projects\Aura\Aura\Release\cl.command.1.tlog
C:\Users\Sam\Documents\Visual Studio 2012\Projects\Aura\Aura\Release\CL.read.1.tlog
C:\Users\Sam\Documents\Visual Studio 2012\Projects\Aura\Aura\Release\CL.write.1.tlog
C:\Users\Sam\Documents\Visual Studio 2012\Projects\Aura\Aura\Release\link-cvtres.read.1.tlog
C:\Users\Sam\Documents\Visual Studio 2012\Projects\Aura\Aura\Release\link-cvtres.write.1.tlog
C:\Users\Sam\Documents\Visual Studio 2012\Projects\Aura\Aura\Release\link-rc.read.1.tlog
C:\Users\Sam\Documents\Visual Studio 2012\Projects\Aura\Aura\Release\link-rc.write.1.tlog
C:\Users\Sam\Documents\Visual Studio 2012\Projects\Aura\Aura\Release\link.command.1.tlog
C:\Users\Sam\Documents\Visual Studio 2012\Projects\Aura\Aura\Release\link.read.1.tlog
C:\Users\Sam\Documents\Visual Studio 2012\Projects\Aura\Aura\Release\link.write.1.tlog
C:\Users\Sam\Documents\Visual Studio 2012\Projects\Aura\Aura\Release\vc110.pdb
C:\Users\Sam\Documents\Visual Studio 2012\Projects\Aura\Release\Aura.pdb
C:\Users\Sam\Documents\Visual Studio 2012\Projects\Aura\Release\Aura.exe
