C:\USERS\SAM\DOCUMENTS\VISUAL STUDIO 2012\PROJECTS\AURA\AURA\DEBUG\BITSET.OBJ
C:\USERS\SAM\DOCUMENTS\VISUAL STUDIO 2012\PROJECTS\AURA\AURA\DEBUG\HASHGRAPH.OBJ
C:\USERS\SAM\DOCUMENTS\VISUAL STUDIO 2012\PROJECTS\AURA\AURA\DEBUG\HNODE.OBJ
C:\USERS\SAM\DOCUMENTS\VISUAL STUDIO 2012\PROJECTS\AURA\AURA\DEBUG\LNODE.OBJ
C:\USERS\SAM\DOCUMENTS\VISUAL STUDIO 2012\PROJECTS\AURA\AURA\DEBUG\NFILTER.OBJ
C:\USERS\SAM\DOCUMENTS\VISUAL STUDIO 2012\PROJECTS\AURA\AURA\DEBUG\NODE.OBJ
C:\USERS\SAM\DOCUMENTS\VISUAL STUDIO 2012\PROJECTS\AURA\AURA\DEBUG\PFILTER.OBJ
C:\USERS\SAM\DOCUMENTS\VISUAL STUDIO 2012\PROJECTS\AURA\AURA\DEBUG\POINT.OBJ
C:\USERS\SAM\DOCUMENTS\VISUAL STUDIO 2012\PROJECTS\AURA\AURA\DEBUG\VC110.PDB
C:\USERS\SAM\DOCUMENTS\VISUAL STUDIO 2012\PROJECTS\AURA\AURA\DEBUG\MAIN.OBJ
C:\USERS\SAM\DOCUMENTS\VISUAL STUDIO 2012\PROJECTS\AURA\DEBUG\AURA.ILK
C:\USERS\SAM\DOCUMENTS\VISUAL STUDIO 2012\PROJECTS\AURA\DEBUG\AURA.EXE
C:\USERS\SAM\DOCUMENTS\VISUAL STUDIO 2012\PROJECTS\AURA\DEBUG\AURA.PDB
C:\Users\Sam\Documents\Visual Studio 2012\Projects\Aura\Aura\Debug\bitset.obj
C:\Users\Sam\Documents\Visual Studio 2012\Projects\Aura\Aura\Debug\hashgraph.obj
C:\Users\Sam\Documents\Visual Studio 2012\Projects\Aura\Aura\Debug\main.obj
C:\Users\Sam\Documents\Visual Studio 2012\Projects\Aura\Aura\Debug\nfilter.obj
C:\Users\Sam\Documents\Visual Studio 2012\Projects\Aura\Aura\Debug\node.obj
C:\Users\Sam\Documents\Visual Studio 2012\Projects\Aura\Aura\Debug\pfilter.obj
C:\Users\Sam\Documents\Visual Studio 2012\Projects\Aura\Aura\Debug\point.obj
C:\Users\Sam\Documents\Visual Studio 2012\Projects\Aura\Aura\Debug\cl.command.1.tlog
C:\Users\Sam\Documents\Visual Studio 2012\Projects\Aura\Aura\Debug\CL.read.1.tlog
C:\Users\Sam\Documents\Visual Studio 2012\Projects\Aura\Aura\Debug\CL.write.1.tlog
C:\Users\Sam\Documents\Visual Studio 2012\Projects\Aura\Aura\Debug\link-cvtres.read.1.tlog
C:\Users\Sam\Documents\Visual Studio 2012\Projects\Aura\Aura\Debug\link-cvtres.write.1.tlog
C:\Users\Sam\Documents\Visual Studio 2012\Projects\Aura\Aura\Debug\link-rc.read.1.tlog
C:\Users\Sam\Documents\Visual Studio 2012\Projects\Aura\Aura\Debug\link-rc.write.1.tlog
C:\Users\Sam\Documents\Visual Studio 2012\Projects\Aura\Aura\Debug\link.10316-cvtres.read.1.tlog
C:\Users\Sam\Documents\Visual Studio 2012\Projects\Aura\Aura\Debug\link.10316-cvtres.write.1.tlog
C:\Users\Sam\Documents\Visual Studio 2012\Projects\Aura\Aura\Debug\link.10316-rc.read.1.tlog
C:\Users\Sam\Documents\Visual Studio 2012\Projects\Aura\Aura\Debug\link.10316-rc.write.1.tlog
C:\Users\Sam\Documents\Visual Studio 2012\Projects\Aura\Aura\Debug\link.10316.read.1.tlog
C:\Users\Sam\Documents\Visual Studio 2012\Projects\Aura\Aura\Debug\link.10316.write.1.tlog
C:\Users\Sam\Documents\Visual Studio 2012\Projects\Aura\Aura\Debug\link.10836-cvtres.read.1.tlog
C:\Users\Sam\Documents\Visual Studio 2012\Projects\Aura\Aura\Debug\link.10836-cvtres.write.1.tlog
C:\Users\Sam\Documents\Visual Studio 2012\Projects\Aura\Aura\Debug\link.10836-rc.read.1.tlog
C:\Users\Sam\Documents\Visual Studio 2012\Projects\Aura\Aura\Debug\link.10836-rc.write.1.tlog
C:\Users\Sam\Documents\Visual Studio 2012\Projects\Aura\Aura\Debug\link.10836.read.1.tlog
C:\Users\Sam\Documents\Visual Studio 2012\Projects\Aura\Aura\Debug\link.10836.write.1.tlog
C:\Users\Sam\Documents\Visual Studio 2012\Projects\Aura\Aura\Debug\link.1740-cvtres.read.1.tlog
C:\Users\Sam\Documents\Visual Studio 2012\Projects\Aura\Aura\Debug\link.1740-cvtres.write.1.tlog
C:\Users\Sam\Documents\Visual Studio 2012\Projects\Aura\Aura\Debug\link.1740-rc.read.1.tlog
C:\Users\Sam\Documents\Visual Studio 2012\Projects\Aura\Aura\Debug\link.1740-rc.write.1.tlog
C:\Users\Sam\Documents\Visual Studio 2012\Projects\Aura\Aura\Debug\link.1740.read.1.tlog
C:\Users\Sam\Documents\Visual Studio 2012\Projects\Aura\Aura\Debug\link.1740.write.1.tlog
C:\Users\Sam\Documents\Visual Studio 2012\Projects\Aura\Aura\Debug\link.4172-cvtres.read.1.tlog
C:\Users\Sam\Documents\Visual Studio 2012\Projects\Aura\Aura\Debug\link.4172-cvtres.write.1.tlog
C:\Users\Sam\Documents\Visual Studio 2012\Projects\Aura\Aura\Debug\link.4172-rc.read.1.tlog
C:\Users\Sam\Documents\Visual Studio 2012\Projects\Aura\Aura\Debug\link.4172-rc.write.1.tlog
C:\Users\Sam\Documents\Visual Studio 2012\Projects\Aura\Aura\Debug\link.4172.read.1.tlog
C:\Users\Sam\Documents\Visual Studio 2012\Projects\Aura\Aura\Debug\link.4172.write.1.tlog
C:\Users\Sam\Documents\Visual Studio 2012\Projects\Aura\Aura\Debug\link.4472-cvtres.read.1.tlog
C:\Users\Sam\Documents\Visual Studio 2012\Projects\Aura\Aura\Debug\link.4472-cvtres.write.1.tlog
C:\Users\Sam\Documents\Visual Studio 2012\Projects\Aura\Aura\Debug\link.4472-rc.read.1.tlog
C:\Users\Sam\Documents\Visual Studio 2012\Projects\Aura\Aura\Debug\link.4472-rc.write.1.tlog
C:\Users\Sam\Documents\Visual Studio 2012\Projects\Aura\Aura\Debug\link.4472.read.1.tlog
C:\Users\Sam\Documents\Visual Studio 2012\Projects\Aura\Aura\Debug\link.4472.write.1.tlog
C:\Users\Sam\Documents\Visual Studio 2012\Projects\Aura\Aura\Debug\link.7084-cvtres.read.1.tlog
C:\Users\Sam\Documents\Visual Studio 2012\Projects\Aura\Aura\Debug\link.7084-cvtres.write.1.tlog
C:\Users\Sam\Documents\Visual Studio 2012\Projects\Aura\Aura\Debug\link.7084-rc.read.1.tlog
C:\Users\Sam\Documents\Visual Studio 2012\Projects\Aura\Aura\Debug\link.7084-rc.write.1.tlog
C:\Users\Sam\Documents\Visual Studio 2012\Projects\Aura\Aura\Debug\link.7084.read.1.tlog
C:\Users\Sam\Documents\Visual Studio 2012\Projects\Aura\Aura\Debug\link.7084.write.1.tlog
C:\Users\Sam\Documents\Visual Studio 2012\Projects\Aura\Aura\Debug\link.9332-cvtres.read.1.tlog
C:\Users\Sam\Documents\Visual Studio 2012\Projects\Aura\Aura\Debug\link.9332-cvtres.write.1.tlog
C:\Users\Sam\Documents\Visual Studio 2012\Projects\Aura\Aura\Debug\link.9332-rc.read.1.tlog
C:\Users\Sam\Documents\Visual Studio 2012\Projects\Aura\Aura\Debug\link.9332-rc.write.1.tlog
C:\Users\Sam\Documents\Visual Studio 2012\Projects\Aura\Aura\Debug\link.9332.read.1.tlog
C:\Users\Sam\Documents\Visual Studio 2012\Projects\Aura\Aura\Debug\link.9332.write.1.tlog
C:\Users\Sam\Documents\Visual Studio 2012\Projects\Aura\Aura\Debug\link.9912-cvtres.read.1.tlog
C:\Users\Sam\Documents\Visual Studio 2012\Projects\Aura\Aura\Debug\link.9912-cvtres.write.1.tlog
C:\Users\Sam\Documents\Visual Studio 2012\Projects\Aura\Aura\Debug\link.9912-rc.read.1.tlog
C:\Users\Sam\Documents\Visual Studio 2012\Projects\Aura\Aura\Debug\link.9912-rc.write.1.tlog
C:\Users\Sam\Documents\Visual Studio 2012\Projects\Aura\Aura\Debug\link.9912.read.1.tlog
C:\Users\Sam\Documents\Visual Studio 2012\Projects\Aura\Aura\Debug\link.9912.write.1.tlog
C:\Users\Sam\Documents\Visual Studio 2012\Projects\Aura\Aura\Debug\link.command.1.tlog
C:\Users\Sam\Documents\Visual Studio 2012\Projects\Aura\Aura\Debug\link.read.1.tlog
C:\Users\Sam\Documents\Visual Studio 2012\Projects\Aura\Aura\Debug\link.write.1.tlog
C:\Users\Sam\Documents\Visual Studio 2012\Projects\Aura\Aura\Debug\vc110.idb
C:\Users\Sam\Documents\Visual Studio 2012\Projects\Aura\Aura\Debug\vc110.pdb
C:\Users\Sam\Documents\Visual Studio 2012\Projects\Aura\Debug\Aura.pdb
C:\Users\Sam\Documents\Visual Studio 2012\Projects\Aura\Debug\Aura.exe
C:\Users\Sam\Documents\Visual Studio 2012\Projects\Aura\Debug\Aura.ilk
